AGLE: 56
AEHA: 56
AMXG: 52
AKTC: 62
ACCW: 139
AIOY: 37
AGKU: 64
AEGQ: 97
ACCM: 41
AMWW: 44
AKSS: 51
AIOO: 55
AGKK: 45
AEGG: 93
AMWM: 40
ACCC: 170
AKSI: 55
ACEA: 139
AMYK: 52
AKUG: 61
AIQC: 66
AMYA: 42
AGLY: 62
AEHU: 60
ACDQ: 186
AKTW: 41
AIPS: 51
AGLO: 75
AEHK: 97
AMXQ: 38
ACDG: 194
AKTM: 53
AIPI: 44
AKVK: 60
AIRG: 52
AGNC: 37
AMZE: 13
AEIY: 74
AKVA: 51
ACEU: 103
AIQW: 74
AGMS: 67
AEIO: 69
ACEK: 135
AMYU: 35
AKUQ: 53
AIQM: 51
AGMI: 70
AEIE: 35
AGOG: 75
AEKC: 97
AKWE: 60
AISA: 68
ACFY: 114
AGNW: 45
AEJS: 96
AMZY: 38
ACFO: 98
AKVU: 57
AIRQ: 58
AGNM: 74
AEJI: 94
ACFE: 51
AMZO: 28
AELG: 71
APAQ: 40
ACHC: 13
AKXI: 34
AITE: 43
AGPA: 83
APAG: 49
AEKW: 63
ACGS: 124
AKWY: 54
AISU: 68
AGOQ: 78
AEKM: 67
ACGI: 99
AKWO: 55
AISK: 39
AKYM: 45
AIUI: 58
AGQE: 54
APBK: 45
AEMA: 75
AKYC: 44
ACHW: 86
APBA: 49
AITY: 57
AGPU: 51
AELQ: 66
ACHM: 101
AKXS: 54
AITO: 59
AGPK: 55
AIVM: 46
AGRI: 42
AENE: 103
APCO: 45
ACJA: 163
AKZG: 65
AIVC: 54
APCE: 50
AGQY: 70
AEMU: 86
ACIQ: 110
AKYW: 46
AIUS: 63
AGQO: 68
APBU: 36
AEMK: 73
ACIG: 53
AEOI: 47
APDS: 40
ACKE: 147
AIWG: 52
AGSC: 59
APDI: 49
AENY: 90
ACJU: 109
AIVW: 47
AGRS: 71
APCY: 53
AENO: 82
ACJK: 154
AKZQ: 39
ANAS: 58
ACLI: 82
AIXK: 55
AGTG: 45
APEM: 30
AEPC: 56
ANAI: 41
ACKY: 102
AIXA: 55
APEC: 46
AGSW: 78
AEOS: 65
ACKO: 87
AIWQ: 58
AGSM: 67
AIYO: 43
AGUK: 51
APFQ: 51
AEQG: 59
ACMC: 144
ANBM: 33
AIYE: 52
AGUA: 73
APFG: 37
ANBC: 37
AEPW: 26
ACLS: 123
AIXU: 51
AGTQ: 15
APEW: 55
AEPM: 94
AGVO: 76
APGU: 51
AERK: 79
ACNG: 151
ANCQ: 39
AIZI: 64
AGVE: 53
APGK: 44
AERA: 58
ANCG: 32
ACMW: 71
AIYY: 59
APGA: 49
AGUU: 34
AEQQ: 57
ACMM: 36
ANBW: 58
ACOK: 114
ANDU: 53
AGWI: 31
AESE: 63
APHO: 25
ANDK: 54
ACOA: 100
APHE: 28
ANDA: 57
AGVY: 72
AERU: 72
ACNQ: 152
AIZS: 63
ALAU: 56
AGXM: 25
APIS: 32
AETI: 101
ACPE: 104
ANEO: 46
ALAK: 70
AGXC: 52
APII: 48
ANEE: 47
AESY: 59
ALAA: 51
ACOU: 83
AGWS: 67
AESO: 50
APHY: 39
AGYQ: 49
APJW: 19
AEUM: 47
ACQI: 127
ANFS: 72
ALBO: 36
AGYG: 61
AEUC: 83
APJM: 20
ANFI: 48
ALBE: 46
ACPY: 85
APJC: 46
AGXW: 54
AETS: 28
ACPO: 168
ANEY: 42
AEVQ: 72
ACRM: 75
ANGW: 68
ALCS: 38
AGZK: 48
APKQ: 30
AEVG: 85
ACRC: 115
ANGM: 45
ALCI: 51
AGZA: 63
APKG: 48
ANGC: 48
AEUW: 48
ACQS: 29
ALBY: 36
ALDW: 23
AEWK: 75
APLU: 41
ACSG: 137
ANHQ: 10
ALDM: 48
AEWA: 98
APLK: 32
ANHG: 52
ALDC: 59
ACRW: 99
APLA: 54
AGZU: 50
AJAW: 28
AEXO: 71
APMY: 37
ANIU: 39
ACTK: 120
ALEQ: 30
AJAM: 42
AEXE: 35
APMO: 33
ANIK: 57
ACTA: 94
ALEG: 49
AJAC: 57
APME: 37
ANIA: 31
AEWU: 44
ACSQ: 122
AEYS: 58
ANJY: 63
ACUO: 99
ALFU: 42
AJBQ: 52
APNS: 33
AEYI: 80
ACUE: 121
ANJO: 22
ALFK: 64
AJBG: 59
APNI: 27
ANJE: 33
ALFA: 65
AEXY: 60
ACTU: 96
ACVS: 75
ALGY: 46
AJCU: 68
APOW: 40
AEZM: 64
ANKS: 50
ACVI: 88
ALGO: 42
AJCK: 27
AEZC: 57
APOM: 52
ANKI: 53
ALGE: 40
ACUY: 66
AJCA: 54
APOC: 50
AJDY: 68
APQA: 52
ACWM: 64
ANLW: 52
ALHS: 57
AJDO: 38
APPQ: 46
ACWC: 41
ANLM: 42
ALHI: 45
AJDE: 46
APPG: 35
ANLC: 46
AEZW: 59
AHAY: 58
ACXQ: 80
ALIW: 25
AJES: 67
AHAO: 36
APQU: 47
ANMQ: 34
ACXG: 74
ALIM: 51
AJEI: 58
AHAE: 87
APQK: 47
ANMG: 37
ALIC: 59
ACWW: 107
ACYU: 139
AJFW: 64
AHBS: 33
APRY: 52
ACYK: 81
ANNU: 37
ALJQ: 38
AJFM: 30
AHBI: 61
APRO: 39
ACYA: 105
ANNK: 50
ALJG: 35
AJFC: 20
APRE: 41
ANNA: 42
APTC: 47
AHCW: 30
ANOY: 40
ACZO: 102
ALKU: 54
AJGQ: 41
AHCM: 33
APSS: 49
ANOO: 58
ACZE: 61
ALKK: 37
AJGG: 63
AHCC: 57
APSI: 32
ANOE: 56
ALKA: 59
ANQC: 35
ALLY: 66
AJHU: 46
AHDQ: 53
APTW: 32
ANPS: 46
ALLO: 62
AJHK: 57
AHDG: 46
APTM: 52
ANPI: 30
ALLE: 41
AJHA: 55
ACZY: 126
AJIY: 43
AHEU: 43
AFAQ: 114
ANQW: 49
ALMS: 60
AJIO: 64
AHEK: 26
AFAG: 84
ANQM: 39
ALMI: 36
AJIE: 44
AHEA: 73
APUG: 45
AHFY: 64
ANSA: 39
AFBU: 84
ALNW: 59
AJJS: 59
AHFO: 58
AFBK: 98
ANRQ: 40
ALNM: 44
AJJI: 63
AHFE: 44
AFBA: 91
ANRG: 61
ALNC: 46
ANTE: 48
ALPA: 42
AFCY: 37
AJKW: 59
AHGS: 52
AFCO: 39
ANSU: 28
ALOQ: 33
AJKM: 40
AHGI: 49
AFCE: 60
ANSK: 47
ALOG: 57
AJKC: 64
ALQE: 71
AJMA: 25
AHHW: 65
AFDS: 64
ANTY: 48
ALPU: 38
AJLQ: 70
AHHM: 50
AFDI: 70
ANTO: 40
ALPK: 56
AJLG: 57
AHHC: 55
AHJA: 27
ANVC: 40
AFEW: 75
ADAS: 106
ALQY: 39
AJMU: 65
AHIQ: 71
AFEM: 75
ANUS: 39
ADAI: 105
ALQO: 39
AJMK: 61
AHIG: 54
AFEC: 41
ANUI: 45
AFGA: 79
ANWG: 56
ALSC: 41
ADBW: 77
AJNY: 56
AHJU: 67
AFFQ: 61
ANVW: 48
ADBM: 95
ALRS: 52
AJNO: 59
AHJK: 44
AFFG: 59
ANVM: 51
ADBC: 104
ALRI: 64
AJNE: 52
ALTG: 50
AJPC: 51
ANXA: 40
AHKY: 67
AFGU: 56
ADCQ: 78
ALSW: 40
AJOS: 39
AHKO: 43
AFGK: 56
ANWQ: 32
ADCG: 68
ALSM: 42
AJOI: 59
AHKE: 69
AJQG: 27
AHMC: 58
ANYE: 56
AFHY: 79
ALUA: 42
ADDU: 72
AJPW: 53
AHLS: 40
AFHO: 81
ANXU: 51
ADDK: 73
ALTQ: 64
AJPM: 34
AHLI: 52
AFHE: 67
ADDA: 74
ANXK: 41
AFJC: 79
ANZI: 52
ALVE: 47
AJRA: 41
ADEY: 11
ABAU: 352
AHMW: 15
AFIS: 87
ANYY: 51
ADEO: 110
ABAK: 615
ALUU: 52
AJQQ: 47
AHMM: 41
AFII: 69
ANYO: 29
ADEE: 77
ABAA: 0
ALUK: 52
ADGC: 79
ALWI: 67
AJSE: 65
ABBY: 46
AHOA: 72
AFJW: 65
ADFS: 85
ABBO: 849
ALVY: 28
AJRU: 43
AHNQ: 55
AFJM: 58
ANZS: 31
ADFI: 141
ALVO: 26
ABBE: 236
AJRK: 61
AHNG: 57
AJTI: 50
AHPE: 60
AFLA: 80
ALXC: 50
ADGW: 83
ABCS: 113
AJSY: 38
AHOU: 57
AFKQ: 21
ADGM: 72
ALWS: 41
ABCI: 510
AJSO: 57
AHOK: 36
AFKG: 67
AHQI: 67
AFME: 63
ADIA: 44
ALYG: 62
AJUC: 61
ABDW: 303
AHPY: 85
AFLU: 80
ADHQ: 93
ABDM: 208
ALXW: 42
AJTS: 48
AHPO: 65
AFLK: 85
ADHG: 99
ABDC: 39
ALXM: 20
ADJE: 88
ABFA: 120
ALZK: 39
AJVG: 65
AHRC: 37
ALZA: 42
AFMY: 40
ADIU: 61
ABEQ: 74
AJUW: 47
AHQS: 80
AFMO: 62
ADIK: 45
ALYQ: 44
ABEG: 233
AJUM: 45
ABGE: 135
AJWK: 63
AHSG: 67
AFOC: 98
ADJY: 141
AJWA: 60
ABFU: 103
AHRW: 65
AFNS: 88
ADJO: 14
ABFK: 350
ALZU: 53
AJVQ: 49
AHRM: 43
AFNI: 62
AHTK: 62
AFPG: 67
ADLC: 29
AOAM: 60
AJXE: 60
AHTA: 45
ABGY: 374
AOAC: 47
AFOW: 65
ADKS: 91
ABGO: 401
AJWU: 52
AHSQ: 61
AFOM: 77
ADKI: 55
AFQK: 52
AOBQ: 43
ADMG: 75
ABIC: 86
AJYI: 68
AHUE: 68
AFQA: 64
AOBG: 49
ADLW: 45
ABHS: 72
AJXY: 52
AHTU: 56
AFPQ: 26
AOAW: 37
ADLM: 65
ABHI: 121
AJXO: 58
ABJG: 162
AJZM: 49
AHVI: 67
AFRE: 83
AOCK: 50
ADNA: 94
AJZC: 34
ABIW: 111
AOCA: 45
AHUY: 57
AFQU: 35
ADMQ: 80
ABIM: 216
AJYS: 52
AHUO: 68
AHWM: 30
AFSI: 70
AODO: 39
ADOE: 93
ABKA: 104
AHWC: 62
AODE: 46
AFRY: 43
ADNU: 49
ABJQ: 402
AJZW: 54
AHVS: 73
AFRO: 74
ADNK: 116
AOCU: 30
AFTM: 55
ADPI: 89
AOES: 50
ABLE: 214
AMAO: 35
AHXG: 68
AFTC: 60
AOEI: 41
AMAE: 40
ADOY: 56
ABKU: 133
AHWW: 67
AFSS: 41
AODY: 47
ADOO: 39
ABKK: 279
ADQM: 49
AOFW: 24
AMBS: 64
ABMI: 97
AHYK: 56
AFUG: 70
ADQC: 91
AOFM: 58
AMBI: 56
ABLY: 78
AHYA: 55
AOFC: 46
AFTW: 55
ADPS: 109
ABLO: 128
AMAY: 50
AHXQ: 63
AHZO: 55
AFVK: 55
ADRG: 96
AOGQ: 22
ABNC: 247
AMCM: 54
AHZE: 50
AFVA: 58
AOGG: 30
AMCC: 50
ADQW: 78
ABMS: 119
AHYU: 64
AFUQ: 72
AFWO: 58
ADSK: 83
AOHU: 55
ABOG: 83
AMDQ: 43
AFWE: 63
AOHK: 52
ADSA: 53
AMDG: 44
ABNW: 108
AHZY: 47
AOHA: 37
AFVU: 70
ADRQ: 53
ABNM: 109
AMCW: 28
AOIY: 37
ADTO: 62
ABPK: 136
AMEU: 56
AKAQ: 41
AFXI: 44
ADTE: 23
AOIO: 56
AMEK: 67
ABPA: 89
AKAG: 56
AOIE: 50
AMEA: 42
AFWY: 49
ADSU: 65
ABOQ: 116
ABQO: 195
AMFY: 11
AKBU: 62
AFYM: 54
AOJS: 51
ADUI: 83
ABQE: 142
AMFO: 44
AKBK: 30
AFYC: 37
AOJI: 56
AMFE: 50
ADTY: 50
AKBA: 44
ABPU: 178
AFXS: 60
AFZQ: 72
ADVM: 109
AOKW: 28
ABRI: 137
AMGS: 54
AKCO: 64
AFZG: 81
AOKM: 40
ADVC: 92
AMGI: 48
AKCE: 39
ABQY: 118
AOKC: 59
AFYW: 61
ADUS: 73
ADWQ: 83
ABSM: 145
AMHW: 53
AKDS: 66
AOLQ: 36
ADWG: 63
ABSC: 161
AMHM: 47
AKDI: 56
AOLG: 42
AMHC: 49
ADVW: 104
ABRS: 140
AKCY: 49
ABTQ: 135
AKEW: 26
AIAS: 72
AOMU: 48
ADXK: 98
ABTG: 163
AMIQ: 39
AKEM: 50
AIAI: 69
ADXA: 56
AOMK: 48
AMIG: 38
AKEC: 23
ABSW: 168
AOMA: 35
AIBW: 62
ADYO: 49
AONY: 33
AMJU: 51
ABUK: 157
AKFQ: 33
AIBM: 55
AONO: 47
ADYE: 82
AMJK: 25
ABUA: 139
AKFG: 47
AIBC: 56
AONE: 49
AMJA: 48
ADXU: 94
ADZS: 63
AMKY: 49
ABVO: 135
AKGU: 56
AICQ: 52
ADZI: 89
AOOS: 54
AMKO: 55
ABVE: 145
AKGK: 60
AICG: 71
AOOI: 52
AMKE: 44
AKGA: 32
ADYY: 127
ABUU: 78
ABWS: 113
AKHY: 48
AIDU: 49
AOPW: 39
AMLS: 32
ABWI: 52
AKHO: 35
AIDK: 68
AOPM: 47
AMLI: 58
AKHE: 52
ABVY: 81
AIDA: 45
AOPC: 52
AIEY: 53
AORA: 43
AGAU: 70
ABXM: 95
AMMW: 46
AKIS: 59
AIEO: 70
AGAK: 53
AOQQ: 58
AMMM: 43
ABXC: 158
AKII: 63
AIEE: 48
AGAA: 61
AOQG: 44
AMMC: 52
AMOA: 52
AGBY: 57
ABYQ: 108
AKJW: 43
AIFS: 47
AGBO: 58
AORU: 40
AMNQ: 36
ABYG: 136
AKJM: 26
AIFI: 43
AGBE: 55
AORK: 49
AMNG: 47
AKJC: 47
ABXW: 74
AKLA: 59
ABZU: 95
AIGW: 57
AGCS: 69
AOSY: 41
AMOU: 41
ABZK: 117
AKKQ: 34
AIGM: 51
AGCI: 18
AOSO: 45
ABZA: 98
AMOK: 47
AKKG: 52
AIGC: 51
AOSE: 32
AOUC: 47
AGDW: 77
AMPY: 44
AKLU: 40
AIHQ: 56
AGDM: 63
AOTS: 25
AMPO: 56
AKLK: 13
AIHG: 39
AGDC: 31
AOTI: 40
AMPE: 58
AOVG: 38
AMRC: 56
AEAW: 90
AKMY: 53
AIIU: 68
AGEQ: 65
AOUW: 45
AEAM: 56
AMQS: 43
AKMO: 57
AIIK: 47
AGEG: 35
AEAC: 35
AOUM: 53
AMQI: 52
AKME: 56
AIIA: 48
AKOC: 47
AOWA: 32
AIJY: 34
AGFU: 71
AEBQ: 64
AMRW: 51
AKNS: 52
AIJO: 59
AGFK: 88
AOVQ: 58
AEBG: 68
AMRM: 53
AKNI: 24
AIJE: 36
AGFA: 52
AILC: 52
AOXE: 43
AGGY: 48
AMTA: 47
AECU: 87
AKOW: 64
AIKS: 62
AGGO: 76
AECK: 68
AOWU: 38
AMSQ: 45
AKOM: 34
AIKI: 47
AGGE: 46
AECA: 80
AOWK: 43
AMSG: 56
AOYI: 53
AMUE: 39
AKQA: 44
AEDY: 61
AILW: 70
AGHS: 71
AOXY: 46
AEDO: 109
AMTU: 32
AKPQ: 46
AILM: 51
AGHI: 71
AOXO: 49
AEDE: 63
AMTK: 52
AKPG: 51
AMVI: 49
AKRE: 39
ACAY: 112
AINA: 77
AOZC: 39
AGIW: 78
AEES: 59
AMUY: 39
ACAO: 159
AKQU: 60
AIMQ: 71
AGIM: 77
AOYS: 24
AEEI: 69
ACAE: 115
AMUO: 44
AKQK: 58
AIMG: 64
AGIC: 53
AIOE: 62
AGKA: 63
AMWC: 56
AEFW: 75
ACBS: 47
AKRY: 60
AINU: 70
AGJQ: 71
AOZW: 55
AEFM: 59
ACBI: 101
AMVS: 65
AKRO: 48
AINK: 83
AGJG: 66
AEFC: 43
AOZM: 49
